Drill report for D:/Google Drive/PhD/Spectropolarimeter/Controller/Polarimeter Controls PCB/pra_01.kicad_pcb
Created on 12/26/17 17:51:19

Copper Layer Stackup:
    =============================================================
    L1 :  F.Cu                      front
    L2 :  B.Cu                      back


Drill file 'pra_01.drl' contains
    plated through holes:
    =============================================================
    T1  0.40mm  0.016"  (29 holes)
    T2  0.80mm  0.031"  (68 holes)
    T3  0.90mm  0.035"  (2 holes)
    T4  1.00mm  0.039"  (12 holes)  (with 6 slots)
    T5  1.00mm  0.039"  (2 holes)
    T6  1.02mm  0.040"  (63 holes)
    T7  1.14mm  0.045"  (6 holes)
    T8  3.05mm  0.120"  (10 holes)

    Total plated holes count 192


Drill file 'pra_01-NPTH.drl' contains
    unplated through holes:
    =============================================================

    Total unplated holes count 0
